2025-09-11 13:43:27,843 [INFO] parcial.sistema: Iniciando encriptación iterativa
2025-09-11 13:43:27,856 [INFO] parcial.sistema: Finalizó encriptación iterativa
2025-09-11 13:43:27,859 [INFO] parcial.sistema: Iniciando desencriptación iterativa
2025-09-11 13:43:27,887 [INFO] parcial.sistema: Finalizó desencriptación iterativa
2025-09-11 13:43:27,889 [INFO] parcial.sistema: Iniciando encriptación recursiva
2025-09-11 13:43:27,905 [INFO] parcial.sistema: Finalizó encriptación recursiva
2025-09-11 13:43:27,906 [INFO] parcial.sistema: Iniciando desencriptación recursiva
2025-09-11 13:43:27,929 [INFO] parcial.sistema: Finalizó desencriptación recursiva
2025-09-11 13:43:27,931 [INFO] parcial.sistema: Iniciando encriptación iterativa
2025-09-11 13:43:27,986 [INFO] parcial.sistema: Finalizó encriptación iterativa
2025-09-11 13:43:27,988 [INFO] parcial.sistema: Iniciando desencriptación iterativa
2025-09-11 13:43:27,999 [INFO] parcial.sistema: Finalizó desencriptación iterativa
2025-09-11 13:43:28,000 [INFO] parcial.sistema: Iniciando encriptación recursiva
2025-09-11 13:43:28,014 [INFO] parcial.sistema: Finalizó encriptación recursiva
2025-09-11 13:43:28,016 [INFO] parcial.sistema: Iniciando desencriptación recursiva
2025-09-11 13:43:28,027 [INFO] parcial.sistema: Finalizó desencriptación recursiva
2025-09-11 13:43:28,028 [INFO] parcial.sistema: Iniciando encriptación iterativa
2025-09-11 13:43:28,041 [INFO] parcial.sistema: Finalizó encriptación iterativa
2025-09-11 13:43:28,042 [INFO] parcial.sistema: Iniciando desencriptación iterativa
2025-09-11 13:43:28,058 [INFO] parcial.sistema: Finalizó desencriptación iterativa
2025-09-11 13:43:28,059 [INFO] parcial.sistema: Iniciando encriptación recursiva
2025-09-11 13:43:28,074 [INFO] parcial.sistema: Finalizó encriptación recursiva
2025-09-11 13:43:28,076 [INFO] parcial.sistema: Iniciando desencriptación recursiva
2025-09-11 13:43:28,098 [INFO] parcial.sistema: Finalizó desencriptación recursiva
2025-09-11 13:43:28,099 [INFO] parcial.sistema: Iniciando encriptación iterativa
2025-09-11 13:43:28,115 [INFO] parcial.sistema: Finalizó encriptación iterativa
2025-09-11 13:43:28,116 [INFO] parcial.sistema: Iniciando desencriptación iterativa
2025-09-11 13:43:28,136 [INFO] parcial.sistema: Finalizó desencriptación iterativa
2025-09-11 13:43:28,138 [INFO] parcial.sistema: Iniciando encriptación recursiva
2025-09-11 13:43:28,154 [INFO] parcial.sistema: Finalizó encriptación recursiva
2025-09-11 13:43:28,156 [INFO] parcial.sistema: Iniciando desencriptación recursiva
2025-09-11 13:43:28,171 [INFO] parcial.sistema: Finalizó desencriptación recursiva
2025-09-11 13:43:28,173 [INFO] parcial.sistema: Iniciando encriptación iterativa
2025-09-11 13:43:28,193 [INFO] parcial.sistema: Finalizó encriptación iterativa
2025-09-11 13:43:28,194 [INFO] parcial.sistema: Iniciando desencriptación iterativa
2025-09-11 13:43:28,210 [INFO] parcial.sistema: Finalizó desencriptación iterativa
2025-09-11 13:43:28,210 [INFO] parcial.sistema: Iniciando encriptación recursiva
2025-09-11 13:43:28,226 [INFO] parcial.sistema: Finalizó encriptación recursiva
2025-09-11 13:43:28,229 [INFO] parcial.sistema: Iniciando desencriptación recursiva
2025-09-11 13:43:28,254 [INFO] parcial.sistema: Finalizó desencriptación recursiva
2025-09-11 13:43:28,256 [INFO] parcial.sistema: Iniciando encriptación iterativa
2025-09-11 13:43:28,277 [INFO] parcial.sistema: Finalizó encriptación iterativa
2025-09-11 13:43:28,279 [INFO] parcial.sistema: Iniciando desencriptación iterativa
2025-09-11 13:43:28,295 [INFO] parcial.sistema: Finalizó desencriptación iterativa
2025-09-11 13:43:28,295 [INFO] parcial.sistema: Iniciando encriptación recursiva
2025-09-11 13:43:28,315 [INFO] parcial.sistema: Finalizó encriptación recursiva
2025-09-11 13:43:28,320 [INFO] parcial.sistema: Iniciando desencriptación recursiva
2025-09-11 13:43:28,336 [INFO] parcial.sistema: Finalizó desencriptación recursiva
2025-09-11 13:43:28,338 [INFO] parcial.sistema: Iniciando encriptación iterativa
2025-09-11 13:43:28,356 [INFO] parcial.sistema: Finalizó encriptación iterativa
2025-09-11 13:43:28,361 [INFO] parcial.sistema: Iniciando desencriptación iterativa
2025-09-11 13:43:28,389 [INFO] parcial.sistema: Finalizó desencriptación iterativa
2025-09-11 13:43:28,391 [INFO] parcial.sistema: Iniciando encriptación recursiva
2025-09-11 13:43:28,408 [INFO] parcial.sistema: Finalizó encriptación recursiva
2025-09-11 13:43:28,409 [INFO] parcial.sistema: Iniciando desencriptación recursiva
2025-09-11 13:43:28,430 [INFO] parcial.sistema: Finalizó desencriptación recursiva
2025-09-11 13:43:28,431 [INFO] parcial.sistema: Iniciando encriptación iterativa
2025-09-11 13:43:28,448 [INFO] parcial.sistema: Finalizó encriptación iterativa
2025-09-11 13:43:28,450 [INFO] parcial.sistema: Iniciando desencriptación iterativa
2025-09-11 13:43:28,465 [INFO] parcial.sistema: Finalizó desencriptación iterativa
2025-09-11 13:43:28,466 [INFO] parcial.sistema: Iniciando encriptación recursiva
2025-09-11 13:43:28,483 [INFO] parcial.sistema: Finalizó encriptación recursiva
2025-09-11 13:43:28,486 [INFO] parcial.sistema: Iniciando desencriptación recursiva
2025-09-11 13:43:28,502 [INFO] parcial.sistema: Finalizó desencriptación recursiva
2025-09-11 13:43:28,503 [INFO] parcial.sistema: Iniciando encriptación iterativa
2025-09-11 13:43:28,520 [INFO] parcial.sistema: Finalizó encriptación iterativa
2025-09-11 13:43:28,521 [INFO] parcial.sistema: Iniciando desencriptación iterativa
2025-09-11 13:43:28,542 [INFO] parcial.sistema: Finalizó desencriptación iterativa
2025-09-11 13:43:28,543 [INFO] parcial.sistema: Iniciando encriptación recursiva
2025-09-11 13:43:28,560 [INFO] parcial.sistema: Finalizó encriptación recursiva
2025-09-11 13:43:28,565 [INFO] parcial.sistema: Iniciando desencriptación recursiva
2025-09-11 13:43:28,586 [INFO] parcial.sistema: Finalizó desencriptación recursiva
2025-09-11 13:43:28,587 [INFO] parcial.sistema: Iniciando encriptación iterativa
2025-09-11 13:43:28,604 [INFO] parcial.sistema: Finalizó encriptación iterativa
2025-09-11 13:43:28,605 [INFO] parcial.sistema: Iniciando desencriptación iterativa
2025-09-11 13:43:28,624 [INFO] parcial.sistema: Finalizó desencriptación iterativa
2025-09-11 13:43:28,626 [INFO] parcial.sistema: Iniciando encriptación recursiva
2025-09-11 13:43:28,641 [INFO] parcial.sistema: Finalizó encriptación recursiva
2025-09-11 13:43:28,642 [INFO] parcial.sistema: Iniciando desencriptación recursiva
2025-09-11 13:43:28,659 [INFO] parcial.sistema: Finalizó desencriptación recursiva
2025-09-11 13:43:28,660 [INFO] parcial.sistema: Iniciando encriptación iterativa
2025-09-11 13:43:28,677 [INFO] parcial.sistema: Finalizó encriptación iterativa
2025-09-11 13:43:28,681 [INFO] parcial.sistema: Iniciando desencriptación iterativa
2025-09-11 13:43:28,698 [INFO] parcial.sistema: Finalizó desencriptación iterativa
2025-09-11 13:43:28,698 [INFO] parcial.sistema: Iniciando encriptación recursiva
2025-09-11 13:43:28,721 [INFO] parcial.sistema: Finalizó encriptación recursiva
2025-09-11 13:43:28,723 [INFO] parcial.sistema: Iniciando desencriptación recursiva
2025-09-11 13:43:28,738 [INFO] parcial.sistema: Finalizó desencriptación recursiva
2025-09-11 13:43:28,739 [INFO] parcial.sistema: Iniciando encriptación iterativa
2025-09-11 13:43:28,755 [INFO] parcial.sistema: Finalizó encriptación iterativa
2025-09-11 13:43:28,756 [INFO] parcial.sistema: Iniciando desencriptación iterativa
2025-09-11 13:43:28,773 [INFO] parcial.sistema: Finalizó desencriptación iterativa
2025-09-11 13:43:28,777 [INFO] parcial.sistema: Iniciando encriptación recursiva
2025-09-11 13:43:28,875 [INFO] parcial.sistema: Finalizó encriptación recursiva
2025-09-11 13:43:28,878 [INFO] parcial.sistema: Iniciando desencriptación recursiva
2025-09-11 13:43:28,898 [INFO] parcial.sistema: Finalizó desencriptación recursiva
2025-09-11 13:43:28,898 [INFO] parcial.sistema: Iniciando encriptación iterativa
2025-09-11 13:43:28,908 [INFO] parcial.sistema: Finalizó encriptación iterativa
2025-09-11 13:43:28,909 [INFO] parcial.sistema: Iniciando desencriptación iterativa
2025-09-11 13:43:28,918 [INFO] parcial.sistema: Finalizó desencriptación iterativa
2025-09-11 13:43:28,919 [INFO] parcial.sistema: Iniciando encriptación recursiva
2025-09-11 13:43:28,929 [INFO] parcial.sistema: Finalizó encriptación recursiva
2025-09-11 13:43:28,931 [INFO] parcial.sistema: Iniciando desencriptación recursiva
2025-09-11 13:43:28,941 [INFO] parcial.sistema: Finalizó desencriptación recursiva
2025-09-11 13:43:28,942 [INFO] parcial.sistema: Iniciando encriptación iterativa
2025-09-11 13:43:28,952 [INFO] parcial.sistema: Finalizó encriptación iterativa
2025-09-11 13:43:28,953 [INFO] parcial.sistema: Iniciando desencriptación iterativa
2025-09-11 13:43:28,965 [INFO] parcial.sistema: Finalizó desencriptación iterativa
2025-09-11 13:43:28,965 [INFO] parcial.sistema: Iniciando encriptación recursiva
2025-09-11 13:43:28,976 [INFO] parcial.sistema: Finalizó encriptación recursiva
2025-09-11 13:43:28,978 [INFO] parcial.sistema: Iniciando desencriptación recursiva
2025-09-11 13:43:28,990 [INFO] parcial.sistema: Finalizó desencriptación recursiva
2025-09-11 13:43:28,991 [INFO] parcial.sistema: Iniciando encriptación iterativa
2025-09-11 13:43:29,002 [INFO] parcial.sistema: Finalizó encriptación iterativa
2025-09-11 13:43:29,003 [INFO] parcial.sistema: Iniciando desencriptación iterativa
2025-09-11 13:43:29,013 [INFO] parcial.sistema: Finalizó desencriptación iterativa
2025-09-11 13:43:29,014 [INFO] parcial.sistema: Iniciando encriptación recursiva
2025-09-11 13:43:29,025 [INFO] parcial.sistema: Finalizó encriptación recursiva
2025-09-11 13:43:29,025 [INFO] parcial.sistema: Iniciando desencriptación recursiva
2025-09-11 13:43:29,035 [INFO] parcial.sistema: Finalizó desencriptación recursiva
2025-09-11 13:43:29,036 [INFO] parcial.sistema: Iniciando encriptación iterativa
2025-09-11 13:43:29,047 [INFO] parcial.sistema: Finalizó encriptación iterativa
2025-09-11 13:43:29,048 [INFO] parcial.sistema: Iniciando desencriptación iterativa
2025-09-11 13:43:29,056 [INFO] parcial.sistema: Finalizó desencriptación iterativa
2025-09-11 13:43:29,056 [INFO] parcial.sistema: Iniciando encriptación recursiva
2025-09-11 13:43:29,071 [INFO] parcial.sistema: Finalizó encriptación recursiva
2025-09-11 13:43:29,072 [INFO] parcial.sistema: Iniciando desencriptación recursiva
2025-09-11 13:43:29,084 [INFO] parcial.sistema: Finalizó desencriptación recursiva
2025-09-11 13:43:29,086 [INFO] parcial.sistema: Iniciando encriptación iterativa
2025-09-11 13:43:29,099 [INFO] parcial.sistema: Finalizó encriptación iterativa
2025-09-11 13:43:29,100 [INFO] parcial.sistema: Iniciando desencriptación iterativa
2025-09-11 13:43:29,113 [INFO] parcial.sistema: Finalizó desencriptación iterativa
2025-09-11 13:43:29,114 [INFO] parcial.sistema: Iniciando encriptación recursiva
2025-09-11 13:43:29,142 [INFO] parcial.sistema: Finalizó encriptación recursiva
2025-09-11 13:43:29,167 [INFO] parcial.sistema: Iniciando desencriptación recursiva
2025-09-11 13:43:29,188 [INFO] parcial.sistema: Finalizó desencriptación recursiva
2025-09-11 13:43:29,202 [INFO] parcial.sistema: Iniciando encriptación iterativa
2025-09-11 13:43:29,222 [INFO] parcial.sistema: Finalizó encriptación iterativa
2025-09-11 13:43:29,224 [INFO] parcial.sistema: Iniciando desencriptación iterativa
2025-09-11 13:43:29,232 [INFO] parcial.sistema: Finalizó desencriptación iterativa
2025-09-11 13:43:29,232 [INFO] parcial.sistema: Iniciando encriptación recursiva
2025-09-11 13:43:29,241 [INFO] parcial.sistema: Finalizó encriptación recursiva
2025-09-11 13:43:29,241 [INFO] parcial.sistema: Iniciando desencriptación recursiva
2025-09-11 13:43:29,252 [INFO] parcial.sistema: Finalizó desencriptación recursiva
2025-09-11 13:43:29,253 [INFO] parcial.sistema: Iniciando encriptación iterativa
2025-09-11 13:43:29,267 [INFO] parcial.sistema: Finalizó encriptación iterativa
2025-09-11 13:43:29,269 [INFO] parcial.sistema: Iniciando desencriptación iterativa
2025-09-11 13:43:29,284 [INFO] parcial.sistema: Finalizó desencriptación iterativa
2025-09-11 13:43:29,285 [INFO] parcial.sistema: Iniciando encriptación recursiva
2025-09-11 13:43:29,300 [INFO] parcial.sistema: Finalizó encriptación recursiva
2025-09-11 13:43:29,302 [INFO] parcial.sistema: Iniciando desencriptación recursiva
2025-09-11 13:43:29,323 [INFO] parcial.sistema: Finalizó desencriptación recursiva
2025-09-11 13:43:29,344 [INFO] parcial.sistema: Iniciando encriptación iterativa
2025-09-11 13:43:29,360 [INFO] parcial.sistema: Finalizó encriptación iterativa
2025-09-11 13:43:29,361 [INFO] parcial.sistema: Iniciando desencriptación iterativa
2025-09-11 13:43:29,378 [INFO] parcial.sistema: Finalizó desencriptación iterativa
2025-09-11 13:43:29,379 [INFO] parcial.sistema: Iniciando encriptación recursiva
2025-09-11 13:43:29,395 [INFO] parcial.sistema: Finalizó encriptación recursiva
2025-09-11 13:43:29,396 [INFO] parcial.sistema: Iniciando desencriptación recursiva
2025-09-11 13:43:29,413 [INFO] parcial.sistema: Finalizó desencriptación recursiva
2025-09-11 13:43:29,415 [INFO] parcial.sistema: Iniciando encriptación iterativa
2025-09-11 13:43:29,432 [INFO] parcial.sistema: Finalizó encriptación iterativa
2025-09-11 13:43:29,434 [INFO] parcial.sistema: Iniciando desencriptación iterativa
2025-09-11 13:43:29,453 [INFO] parcial.sistema: Finalizó desencriptación iterativa
2025-09-11 13:43:29,455 [INFO] parcial.sistema: Iniciando encriptación recursiva
2025-09-11 13:43:29,473 [INFO] parcial.sistema: Finalizó encriptación recursiva
2025-09-11 13:43:29,480 [INFO] parcial.sistema: Iniciando desencriptación recursiva
2025-09-11 13:43:29,501 [INFO] parcial.sistema: Finalizó desencriptación recursiva
2025-09-11 13:43:29,503 [INFO] parcial.sistema: Iniciando encriptación iterativa
2025-09-11 13:43:29,516 [INFO] parcial.sistema: Finalizó encriptación iterativa
2025-09-11 13:43:29,532 [INFO] parcial.sistema: Iniciando desencriptación iterativa
2025-09-11 13:43:29,553 [INFO] parcial.sistema: Finalizó desencriptación iterativa
2025-09-11 13:43:29,553 [INFO] parcial.sistema: Iniciando encriptación recursiva
2025-09-11 13:43:29,561 [INFO] parcial.sistema: Finalizó encriptación recursiva
2025-09-11 13:43:29,561 [INFO] parcial.sistema: Iniciando desencriptación recursiva
2025-09-11 13:43:29,570 [INFO] parcial.sistema: Finalizó desencriptación recursiva
2025-09-11 13:43:29,571 [INFO] parcial.sistema: Iniciando encriptación iterativa
2025-09-11 13:43:29,583 [INFO] parcial.sistema: Finalizó encriptación iterativa
2025-09-11 13:43:29,584 [INFO] parcial.sistema: Iniciando desencriptación iterativa
2025-09-11 13:43:29,598 [INFO] parcial.sistema: Finalizó desencriptación iterativa
2025-09-11 13:43:29,599 [INFO] parcial.sistema: Iniciando encriptación recursiva
2025-09-11 13:43:29,615 [INFO] parcial.sistema: Finalizó encriptación recursiva
2025-09-11 13:43:29,616 [INFO] parcial.sistema: Iniciando desencriptación recursiva
2025-09-11 13:43:29,631 [INFO] parcial.sistema: Finalizó desencriptación recursiva
2025-09-11 13:43:29,633 [INFO] parcial.sistema: Iniciando encriptación iterativa
2025-09-11 13:43:29,668 [INFO] parcial.sistema: Finalizó encriptación iterativa
2025-09-11 13:43:29,685 [INFO] parcial.sistema: Iniciando desencriptación iterativa
2025-09-11 13:43:29,703 [INFO] parcial.sistema: Finalizó desencriptación iterativa
2025-09-11 13:43:29,704 [INFO] parcial.sistema: Iniciando encriptación recursiva
2025-09-11 13:43:29,714 [INFO] parcial.sistema: Finalizó encriptación recursiva
2025-09-11 13:43:29,714 [INFO] parcial.sistema: Iniciando desencriptación recursiva
2025-09-11 13:43:29,725 [INFO] parcial.sistema: Finalizó desencriptación recursiva
2025-09-11 13:43:29,726 [INFO] parcial.sistema: Iniciando encriptación iterativa
2025-09-11 13:43:29,740 [INFO] parcial.sistema: Finalizó encriptación iterativa
2025-09-11 13:43:29,741 [INFO] parcial.sistema: Iniciando desencriptación iterativa
2025-09-11 13:43:29,758 [INFO] parcial.sistema: Finalizó desencriptación iterativa
2025-09-11 13:43:29,760 [INFO] parcial.sistema: Iniciando encriptación recursiva
2025-09-11 13:43:29,777 [INFO] parcial.sistema: Finalizó encriptación recursiva
2025-09-11 13:43:29,778 [INFO] parcial.sistema: Iniciando desencriptación recursiva
2025-09-11 13:43:29,813 [INFO] parcial.sistema: Finalizó desencriptación recursiva
2025-09-11 13:43:29,839 [INFO] parcial.sistema: Iniciando encriptación iterativa
2025-09-11 13:43:29,854 [INFO] parcial.sistema: Finalizó encriptación iterativa
2025-09-11 13:43:29,854 [INFO] parcial.sistema: Iniciando desencriptación iterativa
2025-09-11 13:43:29,864 [INFO] parcial.sistema: Finalizó desencriptación iterativa
2025-09-11 13:43:29,865 [INFO] parcial.sistema: Iniciando encriptación recursiva
2025-09-11 13:43:29,879 [INFO] parcial.sistema: Finalizó encriptación recursiva
2025-09-11 13:43:29,882 [INFO] parcial.sistema: Iniciando desencriptación recursiva
2025-09-11 13:43:29,913 [INFO] parcial.sistema: Finalizó desencriptación recursiva
2025-09-11 13:43:29,915 [INFO] parcial.sistema: Iniciando encriptación iterativa
2025-09-11 13:43:29,923 [INFO] parcial.sistema: Finalizó encriptación iterativa
2025-09-11 13:43:29,924 [INFO] parcial.sistema: Iniciando desencriptación iterativa
2025-09-11 13:43:29,936 [INFO] parcial.sistema: Finalizó desencriptación iterativa
2025-09-11 13:43:29,936 [INFO] parcial.sistema: Iniciando encriptación recursiva
2025-09-11 13:43:29,945 [INFO] parcial.sistema: Finalizó encriptación recursiva
2025-09-11 13:43:29,945 [INFO] parcial.sistema: Iniciando desencriptación recursiva
2025-09-11 13:43:29,954 [INFO] parcial.sistema: Finalizó desencriptación recursiva
2025-09-11 13:43:29,955 [INFO] parcial.sistema: Iniciando encriptación iterativa
2025-09-11 13:43:29,965 [INFO] parcial.sistema: Finalizó encriptación iterativa
2025-09-11 13:43:29,966 [INFO] parcial.sistema: Iniciando desencriptación iterativa
2025-09-11 13:43:29,976 [INFO] parcial.sistema: Finalizó desencriptación iterativa
2025-09-11 13:43:29,976 [INFO] parcial.sistema: Iniciando encriptación recursiva
2025-09-11 13:43:29,988 [INFO] parcial.sistema: Finalizó encriptación recursiva
2025-09-11 13:43:29,989 [INFO] parcial.sistema: Iniciando desencriptación recursiva
2025-09-11 13:43:30,033 [INFO] parcial.sistema: Finalizó desencriptación recursiva
2025-09-11 13:43:30,034 [INFO] parcial.sistema: Iniciando encriptación iterativa
2025-09-11 13:43:30,047 [INFO] parcial.sistema: Finalizó encriptación iterativa
2025-09-11 13:43:30,048 [INFO] parcial.sistema: Iniciando desencriptación iterativa
2025-09-11 13:43:30,063 [INFO] parcial.sistema: Finalizó desencriptación iterativa
2025-09-11 13:43:30,064 [INFO] parcial.sistema: Iniciando encriptación recursiva
2025-09-11 13:43:30,078 [INFO] parcial.sistema: Finalizó encriptación recursiva
2025-09-11 13:43:30,079 [INFO] parcial.sistema: Iniciando desencriptación recursiva
2025-09-11 13:43:30,094 [INFO] parcial.sistema: Finalizó desencriptación recursiva
2025-09-11 13:43:30,096 [INFO] parcial.sistema: Iniciando encriptación iterativa
2025-09-11 13:43:30,110 [INFO] parcial.sistema: Finalizó encriptación iterativa
2025-09-11 13:43:30,111 [INFO] parcial.sistema: Iniciando desencriptación iterativa
2025-09-11 13:43:30,151 [INFO] parcial.sistema: Finalizó desencriptación iterativa
2025-09-11 13:43:30,152 [INFO] parcial.sistema: Iniciando encriptación recursiva
2025-09-11 13:43:30,166 [INFO] parcial.sistema: Finalizó encriptación recursiva
2025-09-11 13:43:30,167 [INFO] parcial.sistema: Iniciando desencriptación recursiva
2025-09-11 13:43:30,183 [INFO] parcial.sistema: Finalizó desencriptación recursiva
2025-09-11 13:43:30,185 [INFO] parcial.sistema: Iniciando encriptación iterativa
2025-09-11 13:43:30,200 [INFO] parcial.sistema: Finalizó encriptación iterativa
2025-09-11 13:43:30,201 [INFO] parcial.sistema: Iniciando desencriptación iterativa
2025-09-11 13:43:30,217 [INFO] parcial.sistema: Finalizó desencriptación iterativa
2025-09-11 13:43:30,218 [INFO] parcial.sistema: Iniciando encriptación recursiva
2025-09-11 13:43:30,232 [INFO] parcial.sistema: Finalizó encriptación recursiva
2025-09-11 13:43:30,233 [INFO] parcial.sistema: Iniciando desencriptación recursiva
2025-09-11 13:43:30,272 [INFO] parcial.sistema: Finalizó desencriptación recursiva
2025-09-11 13:43:30,274 [INFO] parcial.sistema: Iniciando encriptación iterativa
2025-09-11 13:43:30,293 [INFO] parcial.sistema: Finalizó encriptación iterativa
2025-09-11 13:43:30,294 [INFO] parcial.sistema: Iniciando desencriptación iterativa
2025-09-11 13:43:30,311 [INFO] parcial.sistema: Finalizó desencriptación iterativa
2025-09-11 13:43:30,311 [INFO] parcial.sistema: Iniciando encriptación recursiva
2025-09-11 13:43:30,326 [INFO] parcial.sistema: Finalizó encriptación recursiva
2025-09-11 13:43:30,328 [INFO] parcial.sistema: Iniciando desencriptación recursiva
2025-09-11 13:43:30,342 [INFO] parcial.sistema: Finalizó desencriptación recursiva
2025-09-11 13:43:30,345 [INFO] parcial.sistema: Iniciando encriptación iterativa
2025-09-11 13:43:30,361 [INFO] parcial.sistema: Finalizó encriptación iterativa
2025-09-11 13:43:30,393 [INFO] parcial.sistema: Iniciando desencriptación iterativa
2025-09-11 13:43:30,408 [INFO] parcial.sistema: Finalizó desencriptación iterativa
2025-09-11 13:43:30,410 [INFO] parcial.sistema: Iniciando encriptación recursiva
2025-09-11 13:43:30,425 [INFO] parcial.sistema: Finalizó encriptación recursiva
2025-09-11 13:43:30,426 [INFO] parcial.sistema: Iniciando desencriptación recursiva
2025-09-11 13:43:30,443 [INFO] parcial.sistema: Finalizó desencriptación recursiva
2025-09-11 13:43:30,446 [INFO] parcial.sistema: Iniciando encriptación iterativa
2025-09-11 13:43:30,463 [INFO] parcial.sistema: Finalizó encriptación iterativa
2025-09-11 13:43:30,464 [INFO] parcial.sistema: Iniciando desencriptación iterativa
2025-09-11 13:43:30,480 [INFO] parcial.sistema: Finalizó desencriptación iterativa
2025-09-11 13:43:30,481 [INFO] parcial.sistema: Iniciando encriptación recursiva
2025-09-11 13:43:30,500 [INFO] parcial.sistema: Finalizó encriptación recursiva
2025-09-11 13:43:30,501 [INFO] parcial.sistema: Iniciando desencriptación recursiva
2025-09-11 13:43:30,558 [INFO] parcial.sistema: Finalizó desencriptación recursiva
2025-09-11 13:43:30,559 [INFO] parcial.sistema: Iniciando encriptación iterativa
2025-09-11 13:43:30,575 [INFO] parcial.sistema: Finalizó encriptación iterativa
2025-09-11 13:43:30,576 [INFO] parcial.sistema: Iniciando desencriptación iterativa
2025-09-11 13:43:30,591 [INFO] parcial.sistema: Finalizó desencriptación iterativa
2025-09-11 13:43:30,592 [INFO] parcial.sistema: Iniciando encriptación recursiva
2025-09-11 13:43:30,608 [INFO] parcial.sistema: Finalizó encriptación recursiva
2025-09-11 13:43:30,610 [INFO] parcial.sistema: Iniciando desencriptación recursiva
2025-09-11 13:43:30,626 [INFO] parcial.sistema: Finalizó desencriptación recursiva
2025-09-11 13:43:30,628 [INFO] parcial.sistema: Iniciando encriptación iterativa
2025-09-11 13:43:30,683 [INFO] parcial.sistema: Finalizó encriptación iterativa
2025-09-11 13:43:30,992 [INFO] parcial.sistema: Iniciando desencriptación iterativa
2025-09-11 13:43:31,008 [INFO] parcial.sistema: Finalizó desencriptación iterativa
2025-09-11 13:43:31,009 [INFO] parcial.sistema: Iniciando encriptación recursiva
2025-09-11 13:43:31,018 [INFO] parcial.sistema: Finalizó encriptación recursiva
2025-09-11 13:43:31,018 [INFO] parcial.sistema: Iniciando desencriptación recursiva
2025-09-11 13:43:31,028 [INFO] parcial.sistema: Finalizó desencriptación recursiva
2025-09-11 13:43:31,029 [INFO] parcial.sistema: Iniciando encriptación iterativa
2025-09-11 13:43:31,042 [INFO] parcial.sistema: Finalizó encriptación iterativa
2025-09-11 13:43:31,043 [INFO] parcial.sistema: Iniciando desencriptación iterativa
2025-09-11 13:43:31,058 [INFO] parcial.sistema: Finalizó desencriptación iterativa
2025-09-11 13:43:31,059 [INFO] parcial.sistema: Iniciando encriptación recursiva
2025-09-11 13:43:31,075 [INFO] parcial.sistema: Finalizó encriptación recursiva
2025-09-11 13:43:31,077 [INFO] parcial.sistema: Iniciando desencriptación recursiva
2025-09-11 13:43:31,093 [INFO] parcial.sistema: Finalizó desencriptación recursiva
2025-09-11 13:43:31,095 [INFO] parcial.sistema: Iniciando encriptación iterativa
2025-09-11 13:43:31,110 [INFO] parcial.sistema: Finalizó encriptación iterativa
2025-09-11 13:43:31,111 [INFO] parcial.sistema: Iniciando desencriptación iterativa
2025-09-11 13:43:31,155 [INFO] parcial.sistema: Finalizó desencriptación iterativa
2025-09-11 13:43:31,173 [INFO] parcial.sistema: Iniciando encriptación recursiva
2025-09-11 13:43:31,184 [INFO] parcial.sistema: Finalizó encriptación recursiva
2025-09-11 13:43:31,184 [INFO] parcial.sistema: Iniciando desencriptación recursiva
2025-09-11 13:43:31,196 [INFO] parcial.sistema: Finalizó desencriptación recursiva
2025-09-11 13:43:31,198 [INFO] parcial.sistema: Iniciando encriptación iterativa
2025-09-11 13:43:31,213 [INFO] parcial.sistema: Finalizó encriptación iterativa
2025-09-11 13:43:31,214 [INFO] parcial.sistema: Iniciando desencriptación iterativa
2025-09-11 13:43:31,231 [INFO] parcial.sistema: Finalizó desencriptación iterativa
2025-09-11 13:43:31,232 [INFO] parcial.sistema: Iniciando encriptación recursiva
2025-09-11 13:43:31,248 [INFO] parcial.sistema: Finalizó encriptación recursiva
2025-09-11 13:43:31,251 [INFO] parcial.sistema: Iniciando desencriptación recursiva
2025-09-11 13:43:31,269 [INFO] parcial.sistema: Finalizó desencriptación recursiva
2025-09-11 13:43:31,270 [INFO] parcial.sistema: Iniciando encriptación iterativa
2025-09-11 13:43:31,285 [INFO] parcial.sistema: Finalizó encriptación iterativa
2025-09-11 13:43:31,286 [INFO] parcial.sistema: Iniciando desencriptación iterativa
2025-09-11 13:43:31,323 [INFO] parcial.sistema: Finalizó desencriptación iterativa
2025-09-11 13:43:31,324 [INFO] parcial.sistema: Iniciando encriptación recursiva
2025-09-11 13:43:31,341 [INFO] parcial.sistema: Finalizó encriptación recursiva
2025-09-11 13:43:31,342 [INFO] parcial.sistema: Iniciando desencriptación recursiva
2025-09-11 13:43:31,360 [INFO] parcial.sistema: Finalizó desencriptación recursiva
2025-09-11 13:43:31,362 [INFO] parcial.sistema: Iniciando encriptación iterativa
2025-09-11 13:43:31,378 [INFO] parcial.sistema: Finalizó encriptación iterativa
2025-09-11 13:43:31,379 [INFO] parcial.sistema: Iniciando desencriptación iterativa
2025-09-11 13:43:31,396 [INFO] parcial.sistema: Finalizó desencriptación iterativa
2025-09-11 13:43:31,396 [INFO] parcial.sistema: Iniciando encriptación recursiva
2025-09-11 13:43:31,411 [INFO] parcial.sistema: Finalizó encriptación recursiva
2025-09-11 13:43:31,425 [INFO] parcial.sistema: Iniciando desencriptación recursiva
2025-09-11 13:43:31,458 [INFO] parcial.sistema: Finalizó desencriptación recursiva
2025-09-11 13:43:31,460 [INFO] parcial.sistema: Iniciando encriptación iterativa
2025-09-11 13:43:31,477 [INFO] parcial.sistema: Finalizó encriptación iterativa
2025-09-11 13:43:31,479 [INFO] parcial.sistema: Iniciando desencriptación iterativa
2025-09-11 13:43:31,496 [INFO] parcial.sistema: Finalizó desencriptación iterativa
2025-09-11 13:43:31,498 [INFO] parcial.sistema: Iniciando encriptación recursiva
2025-09-11 13:43:31,516 [INFO] parcial.sistema: Finalizó encriptación recursiva
2025-09-11 13:43:31,518 [INFO] parcial.sistema: Iniciando desencriptación recursiva
2025-09-11 13:43:31,542 [INFO] parcial.sistema: Finalizó desencriptación recursiva
2025-09-11 13:43:31,563 [INFO] parcial.sistema: Iniciando encriptación iterativa
2025-09-11 13:43:31,578 [INFO] parcial.sistema: Finalizó encriptación iterativa
2025-09-11 13:43:31,580 [INFO] parcial.sistema: Iniciando desencriptación iterativa
2025-09-11 13:43:31,596 [INFO] parcial.sistema: Finalizó desencriptación iterativa
2025-09-11 13:43:31,597 [INFO] parcial.sistema: Iniciando encriptación recursiva
2025-09-11 13:43:31,612 [INFO] parcial.sistema: Finalizó encriptación recursiva
2025-09-11 13:43:31,613 [INFO] parcial.sistema: Iniciando desencriptación recursiva
2025-09-11 13:43:31,628 [INFO] parcial.sistema: Finalizó desencriptación recursiva
2025-09-11 13:43:31,628 [INFO] parcial.sistema: Iniciando encriptación iterativa
2025-09-11 13:43:31,641 [INFO] parcial.sistema: Finalizó encriptación iterativa
2025-09-11 13:43:31,644 [INFO] parcial.sistema: Iniciando desencriptación iterativa
2025-09-11 13:43:31,657 [INFO] parcial.sistema: Finalizó desencriptación iterativa
2025-09-11 13:43:31,658 [INFO] parcial.sistema: Iniciando encriptación recursiva
2025-09-11 13:43:31,671 [INFO] parcial.sistema: Finalizó encriptación recursiva
2025-09-11 13:43:31,673 [INFO] parcial.sistema: Iniciando desencriptación recursiva
2025-09-11 13:43:31,709 [INFO] parcial.sistema: Finalizó desencriptación recursiva
2025-09-11 13:43:31,743 [INFO] parcial.sistema: Iniciando encriptación iterativa
2025-09-11 13:43:31,754 [INFO] parcial.sistema: Finalizó encriptación iterativa
2025-09-11 13:43:31,755 [INFO] parcial.sistema: Iniciando desencriptación iterativa
2025-09-11 13:43:31,768 [INFO] parcial.sistema: Finalizó desencriptación iterativa
2025-09-11 13:43:31,768 [INFO] parcial.sistema: Iniciando encriptación recursiva
2025-09-11 13:43:31,782 [INFO] parcial.sistema: Finalizó encriptación recursiva
2025-09-11 13:43:31,783 [INFO] parcial.sistema: Iniciando desencriptación recursiva
2025-09-11 13:43:31,799 [INFO] parcial.sistema: Finalizó desencriptación recursiva
2025-09-11 13:43:31,802 [INFO] parcial.sistema: Iniciando encriptación iterativa
2025-09-11 13:43:31,818 [INFO] parcial.sistema: Finalizó encriptación iterativa
2025-09-11 13:43:31,820 [INFO] parcial.sistema: Iniciando desencriptación iterativa
2025-09-11 13:43:31,860 [INFO] parcial.sistema: Finalizó desencriptación iterativa
2025-09-11 13:43:31,863 [INFO] parcial.sistema: Iniciando encriptación recursiva
2025-09-11 13:43:31,881 [INFO] parcial.sistema: Finalizó encriptación recursiva
2025-09-11 13:43:31,882 [INFO] parcial.sistema: Iniciando desencriptación recursiva
2025-09-11 13:43:31,898 [INFO] parcial.sistema: Finalizó desencriptación recursiva
2025-09-11 13:43:31,901 [INFO] parcial.sistema: Iniciando encriptación iterativa
2025-09-11 13:43:31,918 [INFO] parcial.sistema: Finalizó encriptación iterativa
2025-09-11 13:43:31,921 [INFO] parcial.sistema: Iniciando desencriptación iterativa
2025-09-11 13:43:31,935 [INFO] parcial.sistema: Finalizó desencriptación iterativa
2025-09-11 13:43:31,936 [INFO] parcial.sistema: Iniciando encriptación recursiva
2025-09-11 13:43:31,966 [INFO] parcial.sistema: Finalizó encriptación recursiva
2025-09-11 13:43:32,012 [INFO] parcial.sistema: Iniciando desencriptación recursiva
2025-09-11 13:43:32,022 [INFO] parcial.sistema: Finalizó desencriptación recursiva
2025-09-11 13:43:32,024 [INFO] parcial.sistema: Iniciando encriptación iterativa
2025-09-11 13:43:32,035 [INFO] parcial.sistema: Finalizó encriptación iterativa
2025-09-11 13:43:32,036 [INFO] parcial.sistema: Iniciando desencriptación iterativa
2025-09-11 13:43:32,049 [INFO] parcial.sistema: Finalizó desencriptación iterativa
2025-09-11 13:43:32,050 [INFO] parcial.sistema: Iniciando encriptación recursiva
2025-09-11 13:43:32,063 [INFO] parcial.sistema: Finalizó encriptación recursiva
2025-09-11 13:43:32,065 [INFO] parcial.sistema: Iniciando desencriptación recursiva
2025-09-11 13:43:32,080 [INFO] parcial.sistema: Finalizó desencriptación recursiva
2025-09-11 13:43:32,083 [INFO] parcial.sistema: Iniciando encriptación iterativa
2025-09-11 13:43:32,098 [INFO] parcial.sistema: Finalizó encriptación iterativa
2025-09-11 13:43:32,100 [INFO] parcial.sistema: Iniciando desencriptación iterativa
2025-09-11 13:43:32,164 [INFO] parcial.sistema: Finalizó desencriptación iterativa
2025-09-11 13:43:32,165 [INFO] parcial.sistema: Iniciando encriptación recursiva
2025-09-11 13:43:32,174 [INFO] parcial.sistema: Finalizó encriptación recursiva
2025-09-11 13:43:32,175 [INFO] parcial.sistema: Iniciando desencriptación recursiva
2025-09-11 13:43:32,187 [INFO] parcial.sistema: Finalizó desencriptación recursiva
2025-09-11 13:43:32,188 [INFO] parcial.sistema: Iniciando encriptación iterativa
2025-09-11 13:43:32,201 [INFO] parcial.sistema: Finalizó encriptación iterativa
2025-09-11 13:43:32,202 [INFO] parcial.sistema: Iniciando desencriptación iterativa
2025-09-11 13:43:32,218 [INFO] parcial.sistema: Finalizó desencriptación iterativa
2025-09-11 13:43:32,219 [INFO] parcial.sistema: Iniciando encriptación recursiva
2025-09-11 13:43:32,234 [INFO] parcial.sistema: Finalizó encriptación recursiva
2025-09-11 13:43:32,236 [INFO] parcial.sistema: Iniciando desencriptación recursiva
2025-09-11 13:43:32,272 [INFO] parcial.sistema: Finalizó desencriptación recursiva
